<?xml version="1.0" encoding="UTF-8"?>
<testsuite xmlns:xsi="http://www.w3.org/2001/XMLSchema-instance" xsi:noNamespaceSchemaLocation="https://maven.apache.org/surefire/maven-surefire-plugin/xsd/surefire-test-report-3.0.xsd" version="3.0" name="com.maven.cookbook.service.DifficultyServiceTest" time="0.292" tests="4" errors="0" skipped="0" failures="0">
  <properties>
[...]
</properties>
  <testcase name="testGetAllDifficultyNotFound" classname="com.maven.cookbook.service.DifficultyServiceTest" time="0.274">
    <system-err><![CDATA[ápr. 11, 2025 6:31:51 DU. org.hibernate.jpa.boot.internal.PersistenceXmlParser parsePersistenceXml
WARN: HHH015018: Encountered multiple persistence-unit stanzas defining same name [com.maven_CookBook_war_1.0-SNAPSHOTPU]; persistence-unit names must be unique
ápr. 11, 2025 6:31:51 DU. org.hibernate.jpa.boot.spi.ProviderChecker hibernateProviderNamesContain
WARN: HHH015016: Encountered a deprecated javax.persistence.spi.PersistenceProvider [org.hibernate.ejb.HibernatePersistence]; [org.hibernate.jpa.HibernatePersistenceProvider] will be used instead.
ápr. 11, 2025 6:31:51 DU. org.hibernate.jpa.internal.util.LogHelper logPersistenceUnitInformation
INFO: HHH000204: Processing PersistenceUnitInfo [name: com.maven_CookBook_war_1.0-SNAPSHOTPU]
ápr. 11, 2025 6:31:51 DU. org.hibernate.engine.jdbc.connections.internal.DriverManagerConnectionProviderImpl configure
WARN: HHH10001002: Using Hibernate built-in connection pool (not for production use!)
ápr. 11, 2025 6:31:51 DU. org.hibernate.engine.jdbc.connections.internal.DriverManagerConnectionProviderImpl buildCreator
INFO: HHH10001005: using driver [org.h2.Driver] at URL [jdbc:h2:mem:testdb;DB_CLOSE_DELAY=-1]
ápr. 11, 2025 6:31:51 DU. org.hibernate.engine.jdbc.connections.internal.DriverManagerConnectionProviderImpl buildCreator
INFO: HHH10001001: Connection properties: {password=****, user=root}
ápr. 11, 2025 6:31:51 DU. org.hibernate.engine.jdbc.connections.internal.DriverManagerConnectionProviderImpl buildCreator
INFO: HHH10001003: Autocommit mode: false
ápr. 11, 2025 6:31:51 DU. org.hibernate.engine.jdbc.connections.internal.DriverManagerConnectionProviderImpl$PooledConnections <init>
INFO: HHH000115: Hibernate connection pool size: 20 (min=1)
ápr. 11, 2025 6:31:51 DU. org.hibernate.dialect.Dialect <init>
INFO: HHH000400: Using dialect: org.hibernate.dialect.H2Dialect
ápr. 11, 2025 6:31:51 DU. org.hibernate.resource.beans.spi.ManagedBeanRegistryInitiator resolveBeanContainer
INFO: HHH10005002: No explicit CDI BeanManager reference was passed to Hibernate, but CDI is available on the Hibernate ClassLoader.
ápr. 11, 2025 6:31:51 DU. org.hibernate.engine.transaction.jta.platform.internal.JtaPlatformInitiator initiateService
INFO: HHH000490: Using JtaPlatform implementation: [org.hibernate.engine.transaction.jta.platform.internal.NoJtaPlatform]
]]></system-err>
  </testcase>
  <testcase name="testGetAllDifficultyModelError" classname="com.maven.cookbook.service.DifficultyServiceTest" time="0.002"/>
  <testcase name="testGetAllDifficultyReturnTypes" classname="com.maven.cookbook.service.DifficultyServiceTest" time="0.002"/>
  <testcase name="testGetAllDifficultySuccess" classname="com.maven.cookbook.service.DifficultyServiceTest" time="0.008"/>
</testsuite>